<?xml version="1.0" encoding="UTF-8"?>
<!-- Generated by org.testng.reporters.JUnitXMLReporter -->
<testsuite ignored="0" hostname="DESKTOP-2MGVJIJ" failures="3" tests="5" name="Test" time="141.432" errors="0" timestamp="2026-02-04T21:26:54 IST">
  <testcase classname="tests.BrokenLinkTests" name="verifyBrokenLinks" time="65.753"/>
  <testcase classname="tests.LoginTest" name="verifyAdminLogin" time="5.409">
    <failure type="java.lang.AssertionError" message="Login Failed :URL did not change after login expected [https://project2.qualibytes.com/admin/index.php] but found [https://project2.qualibytes.com/admin/dashboard.php]">
      <![CDATA[java.lang.AssertionError: Login Failed :URL did not change after login expected [https://project2.qualibytes.com/admin/index.php] but found [https://project2.qualibytes.com/admin/dashboard.php]
at tests.LoginTest.verifyAdminLogin(LoginTest.java:30)
at java.base/java.util.ArrayList.forEach(ArrayList.java:1511)
... Removed 32 stack frames]]>
    </failure>
  </testcase> <!-- verifyAdminLogin -->
  <testcase classname="tests.EmployeeTest" name="addEmployeeTest" time="10.325">
    <failure type="org.openqa.selenium.NoSuchElementException" message="Cannot locate element with text: Quality Assurance
For documentation on this error, please visit: https://www.seleniumhq.org/exceptions/no_such_element.html
Build info: version: &amp;apos;3.141.59&amp;apos;, revision: &amp;apos;e82be7d358&amp;apos;, time: &amp;apos;2018-11-14T08:17:03&amp;apos;
System info: host: &amp;apos;DESKTOP-2MGVJIJ&amp;apos;, ip: &amp;apos;192.168.56.1&amp;apos;, os.name: &amp;apos;Windows 10&amp;apos;, os.arch: &amp;apos;amd64&amp;apos;, os.version: &amp;apos;10.0&amp;apos;, java.version: &amp;apos;17.0.12&amp;apos;
Driver info: driver.version: unknown">
      <![CDATA[org.openqa.selenium.NoSuchElementException: Cannot locate element with text: Quality Assurance
For documentation on this error, please visit: https://www.seleniumhq.org/exceptions/no_such_element.html
Build info: version: '3.141.59', revision: 'e82be7d358', time: '2018-11-14T08:17:03'
System info: host: 'DESKTOP-2MGVJIJ', ip: '192.168.56.1', os.name: 'Windows 10', os.arch: 'amd64', os.version: '10.0', java.version: '17.0.12'
Driver info: driver.version: unknown
at org.openqa.selenium.support.ui.Select.selectByVisibleText(Select.java:147)
at pages.AddNewEmployeeSectionPage.addEmployee(AddNewEmployeeSectionPage.java:88)
at tests.EmployeeTest.addEmployeeTest(EmployeeTest.java:44)
at java.base/java.util.ArrayList.forEach(ArrayList.java:1511)
... Removed 27 stack frames]]>
    </failure>
  </testcase> <!-- addEmployeeTest -->
  <testcase classname="tests.LogoutTest" name="verifyLogOut" time="8.863">
    <failure type="java.lang.AssertionError" message="Logout failed :current url does not match with login page url expected [https://project2.qualibytes.com/admin/index.php] but found [https://project2.qualibytes.com/index.php]">
      <![CDATA[java.lang.AssertionError: Logout failed :current url does not match with login page url expected [https://project2.qualibytes.com/admin/index.php] but found [https://project2.qualibytes.com/index.php]
at tests.LogoutTest.verifyLogOut(LogoutTest.java:28)
at java.base/java.util.ArrayList.forEach(ArrayList.java:1511)
... Removed 32 stack frames]]>
    </failure>
  </testcase> <!-- verifyLogOut -->
  <testcase classname="tests.NavigationTest" name="verifyNavigationToAllSections" time="12.195"/>
</testsuite> <!-- Test -->
