<?xml version="1.0" encoding="UTF-8"?>
<!-- Generated by org.testng.reporters.JUnitXMLReporter -->
<testsuite ignored="0" hostname="DESKTOP-2MGVJIJ" failures="0" tests="5" name="Test12" time="2.437" errors="0" timestamp="2026-02-03T19:59:11 IST">
  <testcase classname="base.BaseClass" name="@BeforeMethod setUp" time="0.06">
    <failure type="java.lang.RuntimeException" message="Only chrome browser is supported in this framework">
      <![CDATA[java.lang.RuntimeException: Only chrome browser is supported in this framework
at base.BaseClass.setUp(BaseClass.java:40)
at java.base/java.util.ArrayList.forEach(ArrayList.java:1511)
... Removed 31 stack frames]]>
    </failure>
  </testcase> <!-- @BeforeMethod setUp -->
  <testcase classname="base.BaseClass" name="@AfterMethod tearDown" time="0.0">
    <skipped/>
  </testcase> <!-- @AfterMethod tearDown -->
  <testcase classname="base.BaseClass" name="@BeforeMethod setUp" time="0.002">
    <failure type="java.lang.RuntimeException" message="Only chrome browser is supported in this framework">
      <![CDATA[java.lang.RuntimeException: Only chrome browser is supported in this framework
at base.BaseClass.setUp(BaseClass.java:40)
at java.base/java.util.ArrayList.forEach(ArrayList.java:1511)
... Removed 31 stack frames]]>
    </failure>
  </testcase> <!-- @BeforeMethod setUp -->
  <testcase classname="base.BaseClass" name="@AfterMethod tearDown" time="0.0">
    <skipped/>
  </testcase> <!-- @AfterMethod tearDown -->
  <testcase classname="base.BaseClass" name="@BeforeMethod setUp" time="0.002">
    <failure type="java.lang.RuntimeException" message="Only chrome browser is supported in this framework">
      <![CDATA[java.lang.RuntimeException: Only chrome browser is supported in this framework
at base.BaseClass.setUp(BaseClass.java:40)
at java.base/java.util.ArrayList.forEach(ArrayList.java:1511)
... Removed 31 stack frames]]>
    </failure>
  </testcase> <!-- @BeforeMethod setUp -->
  <testcase classname="base.BaseClass" name="@AfterMethod tearDown" time="0.0">
    <skipped/>
  </testcase> <!-- @AfterMethod tearDown -->
  <testcase classname="base.BaseClass" name="@BeforeMethod setUp" time="0.002">
    <failure type="java.lang.RuntimeException" message="Only chrome browser is supported in this framework">
      <![CDATA[java.lang.RuntimeException: Only chrome browser is supported in this framework
at base.BaseClass.setUp(BaseClass.java:40)
at java.base/java.util.ArrayList.forEach(ArrayList.java:1511)
... Removed 31 stack frames]]>
    </failure>
  </testcase> <!-- @BeforeMethod setUp -->
  <testcase classname="base.BaseClass" name="@AfterMethod tearDown" time="0.0">
    <skipped/>
  </testcase> <!-- @AfterMethod tearDown -->
  <testcase classname="base.BaseClass" name="@BeforeMethod setUp" time="0.004">
    <failure type="java.lang.RuntimeException" message="Only chrome browser is supported in this framework">
      <![CDATA[java.lang.RuntimeException: Only chrome browser is supported in this framework
at base.BaseClass.setUp(BaseClass.java:40)
at java.base/java.util.ArrayList.forEach(ArrayList.java:1511)
... Removed 31 stack frames]]>
    </failure>
  </testcase> <!-- @BeforeMethod setUp -->
  <testcase classname="base.BaseClass" name="@AfterMethod tearDown" time="0.0">
    <skipped/>
  </testcase> <!-- @AfterMethod tearDown -->
  <testcase classname="tests.BrokenLinkTests" name="verifyBrokenLinks" time="0.001">
    <skipped/>
  </testcase> <!-- verifyBrokenLinks -->
  <testcase classname="tests.EmployeeTest" name="addEmployeeTest" time="0.0">
    <skipped/>
  </testcase> <!-- addEmployeeTest -->
  <testcase classname="tests.LoginTest" name="verifyAdminLogin" time="0.0">
    <skipped/>
  </testcase> <!-- verifyAdminLogin -->
  <testcase classname="tests.LogoutTest" name="verifyLogOut" time="0.0">
    <skipped/>
  </testcase> <!-- verifyLogOut -->
  <testcase classname="tests.NavigationTest" name="verifyNavigationToAllSections" time="0.0">
    <skipped/>
  </testcase> <!-- verifyNavigationToAllSections -->
</testsuite> <!-- Test12 -->
