<!DOCTYPE html PUBLIC "-//W3C//DTD XHTML 1.1//EN" "https://www.w3.org/TR/xhtml11/DTD/xhtml11.dtd">
<html xmlns="https://www.w3.org/1999/xhtml">
<head>
<meta http-equiv="content-type" content="text/html; charset=UTF-8"/>
<title>TestNG Report</title>
<style type="text/css">table {margin-bottom:10px;border-collapse:collapse;empty-cells:show}th,td {border:1px solid #009;padding:.25em .5em}th {vertical-align:bottom}td {vertical-align:top}table a {font-weight:bold}.stripe td {background-color: #E6EBF9}.num {text-align:right}.passedodd td {background-color: #3F3}.passedeven td {background-color: #0A0}.skippedodd td {background-color: #DDD}.skippedeven td {background-color: #CCC}.failedodd td,.attn {background-color: #F33}.failedeven td,.stripe .attn {background-color: #D00}.stacktrace {white-space:pre;font-family:monospace}.totop {font-size:85%;text-align:center;border-bottom:2px solid #000}.invisible {display:none}</style>
</head>
<body>
<table>
<tr><th>Test</th><th># Passed</th><th># Skipped</th><th># Retried</th><th># Failed</th><th>Time (ms)</th><th>Included Groups</th><th>Excluded Groups</th></tr>
<tr><th colspan="8">Suite</th></tr>
<tr><td><a href="#t0">Test</a></td><td class="num">2</td><td class="num">0</td><td class="num">0</td><td class="num attn">3</td><td class="num">141,432</td><td></td><td></td></tr>
</table>
<table id='summary'><thead><tr><th>Class</th><th>Method</th><th>Start</th><th>Time (ms)</th></tr></thead><tbody><tr><th colspan="4">Suite</th></tr></tbody><tbody id="t0"><tr><th colspan="4">Test &#8212; failed</th></tr><tr class="failedeven"><td rowspan="1">tests.EmployeeTest</td><td><a href="#m0">addEmployeeTest</a></td><td rowspan="1">1770220571878</td><td rowspan="1">10325</td></tr><tr class="failedodd"><td rowspan="1">tests.LoginTest</td><td><a href="#m1">verifyAdminLogin</a></td><td rowspan="1">1770220557069</td><td rowspan="1">5409</td></tr><tr class="failedeven"><td rowspan="1">tests.LogoutTest</td><td><a href="#m2">verifyLogOut</a></td><td rowspan="1">1770220588137</td><td rowspan="1">8863</td></tr><tr><th colspan="4">Test &#8212; passed</th></tr><tr class="passedeven"><td rowspan="1">tests.BrokenLinkTests</td><td><a href="#m3">verifyBrokenLinks</a></td><td rowspan="1">1770220485266</td><td rowspan="1">65753</td></tr><tr class="passedodd"><td rowspan="1">tests.NavigationTest</td><td><a href="#m4">verifyNavigationToAllSections</a></td><td rowspan="1">1770220601945</td><td rowspan="1">12195</td></tr></tbody>
</table>
<h2>Test</h2><h3 id="m0">tests.EmployeeTest#addEmployeeTest</h3><table class="result"><tr class="param"><th>Parameter #1</th><th>Parameter #2</th><th>Parameter #3</th><th>Parameter #4</th><th>Parameter #5</th><th>Parameter #6</th><th>Parameter #7</th><th>Parameter #8</th><th>Parameter #9</th><th>Parameter #10</th><th>Parameter #11</th><th>Parameter #12</th><th>Parameter #13</th></tr><tr class="param stripe"><td>EMP909090</td><td>Rakesh</td><td>Sharma</td><td>rakeshsharma@gmail.com</td><td>Quality Assurance</td><td>Male</td><td>23-Mar-2003</td><td>9.087654321E9</td><td>India</td><td>Sector 11,Chennai </td><td>T.nagar</td><td>rakesh@123</td><td>rakesh@123</td></tr><tr><th colspan="13">Exception</th></tr><tr><td colspan="13"><div class="stacktrace">org.openqa.selenium.NoSuchElementException: Cannot locate element with text: Quality Assurance
For documentation on this error, please visit: https://www.seleniumhq.org/exceptions/no_such_element.html
Build info: version: &apos;3.141.59&apos;, revision: &apos;e82be7d358&apos;, time: &apos;2018-11-14T08:17:03&apos;
System info: host: &apos;DESKTOP-2MGVJIJ&apos;, ip: &apos;192.168.56.1&apos;, os.name: &apos;Windows 10&apos;, os.arch: &apos;amd64&apos;, os.version: &apos;10.0&apos;, java.version: &apos;17.0.12&apos;
Driver info: driver.version: unknown
	at org.openqa.selenium.support.ui.Select.selectByVisibleText(Select.java:147)
	at pages.AddNewEmployeeSectionPage.addEmployee(AddNewEmployeeSectionPage.java:88)
	at tests.EmployeeTest.addEmployeeTest(EmployeeTest.java:44)
	at java.base/java.util.ArrayList.forEach(ArrayList.java:1511)
... Removed 27 stack frames</div></td></tr></table><p class="totop"><a href="#summary">back to summary</a></p>
<h3 id="m1">tests.LoginTest#verifyAdminLogin</h3><table class="result"><tr><th>Exception</th></tr><tr><td><div class="stacktrace">java.lang.AssertionError: Login Failed :URL did not change after login expected [https://project2.qualibytes.com/admin/index.php] but found [https://project2.qualibytes.com/admin/dashboard.php]
	at tests.LoginTest.verifyAdminLogin(LoginTest.java:30)
	at java.base/java.util.ArrayList.forEach(ArrayList.java:1511)
... Removed 32 stack frames</div></td></tr></table><p class="totop"><a href="#summary">back to summary</a></p>
<h3 id="m2">tests.LogoutTest#verifyLogOut</h3><table class="result"><tr><th>Exception</th></tr><tr><td><div class="stacktrace">java.lang.AssertionError: Logout failed :current url does not match with login page url expected [https://project2.qualibytes.com/admin/index.php] but found [https://project2.qualibytes.com/index.php]
	at tests.LogoutTest.verifyLogOut(LogoutTest.java:28)
	at java.base/java.util.ArrayList.forEach(ArrayList.java:1511)
... Removed 32 stack frames</div></td></tr></table><p class="totop"><a href="#summary">back to summary</a></p>
<h3 id="m3">tests.BrokenLinkTests#verifyBrokenLinks</h3><table class="result"><tr><th class="invisible"/></tr></table><p class="totop"><a href="#summary">back to summary</a></p>
<h3 id="m4">tests.NavigationTest#verifyNavigationToAllSections</h3><table class="result"><tr><th class="invisible"/></tr></table><p class="totop"><a href="#summary">back to summary</a></p>
</body>
</html>
